2025-03-13 20:55:50.262: info: build 20250101.143228-556-x64
2025-03-13 20:55:50.696: info: in process C:\Program Files (x86)\Steam\steamapps\common\Guild Wars 2\Gw2-64.exe, 0x7FF65AAD1000-0x7FF65D6BC000 (0x6992E0DC)
2025-03-13 20:55:50.708: info: as addon C:\Program Files (x86)\Steam\steamapps\common\Guild Wars 2\addons\arcdps\gw2addon_arcdps.dll, 0x7FFC3A0D1000-0x7FFC3A202000 (0x973F8938)
2025-03-13 20:55:52.110: error: couldn't find one or more patterns (9)
2025-03-13 20:56:00.223: error: intercepted unhandled hardware exception at "C:\Program Files (x86)\Steam\steamapps\common\Guild Wars 2\addons\arcdps\gw2addon_arcdps.dll :0+x1782A" thread 15120
	---------------------
	---- info -----------
	---------------------
	code:        C0000005
	address: 7FFC3A0E782A
	flags:              0
	-------------------
	---- system -------
	-------------------
	windows: 11.0.22631
	cpu: Intel(R) Core(TM) i7-8750H CPU @ 2.20GHz
	ram: 10429MB / 32691MB used
	-----------------------------------------------------------------------------------
	---- module range ----------- file ------------------------------------------------
	-----------------------------------------------------------------------------------
	0x7FF65AAD1000 0x7FF65D6BB000 C:\Program Files (x86)\Steam\steamapps\common\Guild Wars 2\Gw2-64.exe
	0x7FFC7A4B1000 0x7FFC7A6C6000 C:\WINDOWS\SYSTEM32\ntdll.dll
	0x7FFC79031000 0x7FFC790F3000 C:\WINDOWS\System32\KERNEL32.DLL
	0x7FFC77A51000 0x7FFC77E09000 C:\WINDOWS\System32\KERNELBASE.dll
	0x7FFC78811000 0x7FFC789BD000 C:\WINDOWS\System32\USER32.dll
	0x7FFC77E41000 0x7FFC77E65000 C:\WINDOWS\System32\win32u.dll
	0x7FFC78EE1000 0x7FFC78F08000 C:\WINDOWS\System32\GDI32.dll
	0x7FFC78091000 0x7FFC781AA000 C:\WINDOWS\System32\gdi32full.dll
	0x7FFC778F1000 0x7FFC77989000 C:\WINDOWS\System32\msvcp_win.dll
	0x7FFC77E71000 0x7FFC77F80000 C:\WINDOWS\System32\ucrtbase.dll
	0x7FFC785F1000 0x7FFC786A1000 C:\WINDOWS\System32\ADVAPI32.dll
	0x7FFC781B1000 0x7FFC78256000 C:\WINDOWS\System32\msvcrt.dll
	0x7FFC7A151000 0x7FFC7A1F6000 C:\WINDOWS\System32\sechost.dll
	0x7FFC77E11000 0x7FFC77E37000 C:\WINDOWS\System32\bcrypt.dll
	0x7FFC78F11000 0x7FFC79023000 C:\WINDOWS\System32\RPCRT4.dll
	0x7FFC78791000 0x7FFC78800000 C:\WINDOWS\System32\WS2_32.dll
	0x7FFC78011000 0x7FFC78081000 C:\WINDOWS\System32\WINTRUST.dll
	0x7FFC6AE91000 0x7FFC6AE99000 C:\WINDOWS\SYSTEM32\VERSION.dll
	0x7FFC79101000 0x7FFC79977000 C:\WINDOWS\System32\SHELL32.dll
	0x7FFC76621000 0x7FFC76633000 C:\WINDOWS\SYSTEM32\WTSAPI32.dll
	0x7FFC6EB11000 0x7FFC6EB43000 C:\WINDOWS\SYSTEM32\WINMM.dll
	0x7FFC78281000 0x7FFC78424000 C:\WINDOWS\System32\ole32.dll
	0x7FFC78AD1000 0x7FFC78E5E000 C:\WINDOWS\System32\combase.dll
	0x7FFC786B1000 0x7FFC78786000 C:\WINDOWS\System32\OLEAUT32.dll
	0x7FFC78431000 0x7FFC78460000 C:\WINDOWS\System32\IMM32.dll
	0x7FFC77781000 0x7FFC778E5000 C:\WINDOWS\System32\CRYPT32.dll
	0x7FFC61C51000 0x7FFC61D02000 C:\WINDOWS\WinSxS\amd64_microsoft.windows.common-controls_6595b64144ccf1df_5.82.22621.3527_none_b43b7f4b638cc64f\COMCTL32.dll
	0x7FFC669B1000 0x7FFC669B6000 C:\WINDOWS\SYSTEM32\MSIMG32.dll
	0x7FFC667F1000 0x7FFC669A9000 C:\WINDOWS\WinSxS\amd64_microsoft.windows.gdiplus_6595b64144ccf1df_1.1.22621.4541_none_57fbc4aace173a53\gdiplus.dll
	0x7FFC724D1000 0x7FFC724E8000 C:\WINDOWS\SYSTEM32\USP10.dll
	0x7FFC41911000 0x7FFC4192D000 C:\WINDOWS\SYSTEM32\MSACM32.dll
	0x7FFC76641000 0x7FFC7664B000 C:\WINDOWS\SYSTEM32\Secur32.dll
	0x7FFC76AD1000 0x7FFC76B12000 C:\WINDOWS\SYSTEM32\SSPICLI.DLL
	0x7FFC77421000 0x7FFC77431000 C:\WINDOWS\SYSTEM32\MSASN1.dll
	0x7FFC3A4D1000 0x7FFC3A668000 C:\Program Files (x86)\Steam\gameoverlayrenderer64.dll
	0x7FFC78471000 0x7FFC78477000 C:\WINDOWS\System32\PSAPI.DLL
	0x7FFC77471000 0x7FFC774BD000 C:\WINDOWS\SYSTEM32\CFGMGR32.dll
	0x7FFC74AB1000 0x7FFC74CE1000 C:\WINDOWS\SYSTEM32\dbghelp.dll
	0x7FFC77F91000 0x7FFC7800A000 C:\WINDOWS\System32\bcryptPrimitives.dll
	0x7FFC75681000 0x7FFC75F87000 C:\WINDOWS\SYSTEM32\windows.storage.dll
	0x7FFC75541000 0x7FFC7567E000 C:\WINDOWS\SYSTEM32\wintypes.dll
	0x7FFC7A371000 0x7FFC7A469000 C:\WINDOWS\System32\SHCORE.dll
	0x7FFC79991000 0x7FFC799ED000 C:\WINDOWS\System32\shlwapi.dll
	0x7FFC776B1000 0x7FFC776DA000 C:\WINDOWS\SYSTEM32\profapi.dll
	0x7FFC76871000 0x7FFC76887000 C:\WINDOWS\SYSTEM32\kernel.appcore.dll
	0x7FFC77441000 0x7FFC7746B000 C:\WINDOWS\SYSTEM32\DEVOBJ.dll
	0x7FFC74A61000 0x7FFC74A96000 C:\WINDOWS\SYSTEM32\dxcore.dll
	0x7FFC74101000 0x7FFC741B0000 C:\WINDOWS\system32\uxtheme.dll
	0x7FFC6AE51000 0x7FFC6AE81000 C:\WINDOWS\SYSTEM32\cryptnet.dll
	0x7FFC77011000 0x7FFC7701B000 C:\WINDOWS\SYSTEM32\cryptbase.dll
	0x7FFC7A131000 0x7FFC7A14E000 C:\WINDOWS\System32\imagehlp.dll
	0x7FFC77031000 0x7FFC7704A000 C:\WINDOWS\SYSTEM32\CRYPTSP.dll
	0x7FFC767D1000 0x7FFC76804000 C:\WINDOWS\system32\rsaenh.dll
	0x7FFC76F61000 0x7FFC76FAB000 C:\WINDOWS\SYSTEM32\wldp.dll
	0x7FFC6ACE1000 0x7FFC6AE41000 C:\WINDOWS\SYSTEM32\drvstore.dll
	0x7FFC497E1000 0x7FFC49AE3000 C:\WINDOWS\system32\nvspcap64.dll
	0x7FFC76981000 0x7FFC769B3000 C:\WINDOWS\SYSTEM32\ntmarta.dll
	0x7FFC76D51000 0x7FFC76D75000 C:\WINDOWS\SYSTEM32\gpapi.dll
	0x7FFC495B1000 0x7FFC49763000 C:\WINDOWS\System32\DriverStore\FileRepository\nvami.inf_amd64_138dcebfe5992a47\nvppex.dll
	0x7FFC79E71000 0x7FFC79F1F000 C:\WINDOWS\System32\clbcatq.dll
	0x7FFC51511000 0x7FFC51526000 C:\WINDOWS\system32\napinsp.dll
	0x7FFC51341000 0x7FFC5135A000 C:\WINDOWS\system32\pnrpnsp.dll
	0x7FFC76CE1000 0x7FFC76D48000 C:\WINDOWS\System32\mswsock.dll
	0x7FFC762D1000 0x7FFC763D1000 C:\WINDOWS\SYSTEM32\DNSAPI.dll
	0x7FFC76261000 0x7FFC7628C000 C:\WINDOWS\SYSTEM32\IPHLPAPI.DLL
	0x7FFC7A361000 0x7FFC7A368000 C:\WINDOWS\System32\NSI.dll
	0x7FFC51321000 0x7FFC51330000 C:\WINDOWS\System32\winrnr.dll
	0x7FFC6ED41000 0x7FFC6ED54000 C:\WINDOWS\system32\wshbth.dll
	0x7FFC4CE61000 0x7FFC4CE86000 C:\WINDOWS\system32\nlansp_c.dll
	0x7FFC6F291000 0x7FFC6F312000 C:\WINDOWS\System32\fwpuclnt.dll
	0x7FFC72881000 0x7FFC72889000 C:\Windows\System32\rasadhlp.dll
	0x7FFC78481000 0x7FFC785E0000 C:\WINDOWS\System32\msctf.dll
	0x7FFC69A81000 0x7FFC69BC4000 C:\WINDOWS\SYSTEM32\textinputframework.dll
	0x7FFC73D11000 0x7FFC73EBF000 C:\WINDOWS\SYSTEM32\WindowsCodecs.dll
	0x7FFC3DFF1000 0x7FFC3E2A7000 C:\WINDOWS\system32\explorerframe.dll
	0x7FFC42981000 0x7FFC42A30000 C:\WINDOWS\SYSTEM32\TextShaping.dll
	0x7FFBA86D1000 0x7FFBB2ED8000 C:\Program Files (x86)\Steam\steamapps\common\Guild Wars 2\bin64\cef\libcef.dll
	0x7FFC7A201000 0x7FFC7A2FF000 C:\WINDOWS\System32\COMDLG32.dll
	0x7FFC4CD31000 0x7FFC4CD36000 C:\Program Files (x86)\Steam\steamapps\common\Guild Wars 2\bin64\cef\dxgi.dll
	0x7FFC74791000 0x7FFC74890000 C:\WINDOWS\SYSTEM32\PROPSYS.dll
	0x7FFC3AED1000 0x7FFC3B318000 C:\WINDOWS\SYSTEM32\UIAutomationCore.DLL
	0x7FFC66451000 0x7FFC664B8000 C:\WINDOWS\SYSTEM32\OLEACC.dll
	0x7FFC76D81000 0x7FFC76DA7000 C:\WINDOWS\SYSTEM32\USERENV.dll
	0x7FFC75F91000 0x7FFC75F9D000 C:\WINDOWS\SYSTEM32\HID.DLL
	0x7FFC579D1000 0x7FFC579E8000 C:\WINDOWS\SYSTEM32\NETAPI32.dll
	0x7FFC6FC11000 0x7FFC6FE82000 C:\WINDOWS\SYSTEM32\DWrite.dll
	0x7FFC74761000 0x7FFC7478A000 C:\WINDOWS\SYSTEM32\dwmapi.dll
	0x7FFC77121000 0x7FFC7714C000 C:\WINDOWS\SYSTEM32\ncrypt.dll
	0x7FFC3A381000 0x7FFC3A4C1000 C:\Program Files (x86)\Steam\steamapps\common\Guild Wars 2\bin64\cef\chrome_elf.dll
	0x7FFC65B01000 0x7FFC65BA6000 C:\WINDOWS\SYSTEM32\WINSPOOL.DRV
	0x7FFC35611000 0x7FFC357B7000 C:\WINDOWS\SYSTEM32\d3d9.dll
	0x7FFC724F1000 0x7FFC72514000 C:\WINDOWS\SYSTEM32\dxva2.dll
	0x7FFC364A1000 0x7FFC364F9000 C:\WINDOWS\SYSTEM32\CRYPTUI.dll
	0x7FFC52F61000 0x7FFC5314F000 C:\WINDOWS\SYSTEM32\urlmon.dll
	0x7FFC718F1000 0x7FFC71A25000 C:\WINDOWS\SYSTEM32\WINHTTP.dll
	0x7FFC577D1000 0x7FFC577EB000 C:\WINDOWS\SYSTEM32\credui.dll
	0x7FFC71801000 0x7FFC7181E000 C:\WINDOWS\SYSTEM32\dhcpcsvc.DLL
	0x7FFC556C1000 0x7FFC55BBD000 C:\WINDOWS\SYSTEM32\WININET.dll
	0x7FFC73791000 0x7FFC737E3000 C:\WINDOWS\SYSTEM32\wevtapi.dll
	0x7FFC59D21000 0x7FFC5A0D9000 C:\WINDOWS\SYSTEM32\ESENT.dll
	0x7FFC598F1000 0x7FFC5990D000 C:\WINDOWS\SYSTEM32\VCRUNTIME140.dll
	0x7FFC66A81000 0x7FFC66D3D000 C:\WINDOWS\SYSTEM32\iertutil.dll
	0x7FFC6BF61000 0x7FFC6BF87000 C:\WINDOWS\SYSTEM32\srvcli.dll
	0x7FFC76251000 0x7FFC7625B000 C:\WINDOWS\SYSTEM32\netutils.dll
	0x7FFC76491000 0x7FFC76499000 C:\WINDOWS\SYSTEM32\DSROLE.DLL
	0x7FFC71501000 0x7FFC71519000 C:\WINDOWS\SYSTEM32\WKSCLI.DLL
	0x7FFC737F1000 0x7FFC73808000 C:\WINDOWS\SYSTEM32\SAMCLI.DLL
	0x7FFC770E1000 0x7FFC77116000 C:\WINDOWS\SYSTEM32\NTASN1.dll
	0x7FFC774E1000 0x7FFC774E9000 C:\WINDOWS\SYSTEM32\DPAPI.dll
	0x7FFC718D1000 0x7FFC718E8000 C:\WINDOWS\SYSTEM32\dhcpcsvc6.DLL
	0x7FFC761E1000 0x7FFC76245000 C:\WINDOWS\SYSTEM32\WINSTA.dll
	0x7FFC66231000 0x7FFC662CD000 C:\WINDOWS\System32\MMDevApi.dll
	0x7FFC71ED1000 0x7FFC71F8B000 C:\WINDOWS\SYSTEM32\mscms.dll
	0x7FFC6F341000 0x7FFC6F480000 C:\WINDOWS\SYSTEM32\DSREG.DLL
	0x7FFC765D1000 0x7FFC7661C000 C:\WINDOWS\SYSTEM32\POWRPROF.dll
	0x7FFC765B1000 0x7FFC765C2000 C:\WINDOWS\SYSTEM32\UMPDC.dll
	0x7FFC70EA1000 0x7FFC70FD2000 C:\WINDOWS\System32\CoreMessaging.dll
	0x7FFC42151000 0x7FFC4217D000 C:\Users\bossa\AppData\Local\Temp\2F943943-3E8C-4A6D-8BCB-B162D8204AB7\amd_ags_x64.dll
	0x7FFC67DA1000 0x7FFC68314000 C:\WINDOWS\SYSTEM32\nvapi64.dll
	0x7FFC799F1000 0x7FFC79E63000 C:\WINDOWS\System32\SETUPAPI.dll
	0x7FFC4CD21000 0x7FFC4CD26000 C:\Program Files (x86)\Steam\steamapps\common\Guild Wars 2\d3d11.dll
	0x7FFC497C1000 0x7FFC497D1000 C:\Program Files (x86)\Steam\steamapps\common\Guild Wars 2\addonLoader.dll
	0x7FFC5A0E1000 0x7FFC5A0EB000 C:\WINDOWS\SYSTEM32\VCRUNTIME140_1.dll
	0x7FFC55DA1000 0x7FFC55E2C000 C:\WINDOWS\SYSTEM32\MSVCP140.dll
	0x7FFC3A0D1000 0x7FFC3A202000 C:\Program Files (x86)\Steam\steamapps\common\Guild Wars 2\addons\arcdps\gw2addon_arcdps.dll
	0x7FFC6F631000 0x7FFC6FA15000 C:\WINDOWS\SYSTEM32\D3DCOMPILER_47.dll
	0x7FFC458E1000 0x7FFC4591B000 C:\Program Files (x86)\Steam\steamapps\common\Guild Wars 2\addons\d3d9_wrapper\gw2addon_d3d9_wrapper.dll
	0x7FFBA65C1000 0x7FFBA86CD000 C:\Program Files (x86)\Steam\steamapps\common\Guild Wars 2\addons\gw2radial\gw2addon_gw2radial.dll
	0x7FFC74591000 0x7FFC74686000 C:\WINDOWS\system32\dxgi.dll
	0x7FFC6CF11000 0x7FFC6CF58000 C:\WINDOWS\SYSTEM32\directxdatabasehelper.dll
	0x7FFC70481000 0x7FFC706D6000 C:\WINDOWS\system32\d3d11.dll
	0x7FFC6A8F1000 0x7FFC6A9B1000 C:\WINDOWS\System32\DriverStore\FileRepository\nvami.inf_amd64_138dcebfe5992a47\nvldumdx.dll
	0x7FFC61D11000 0x7FFC654AA000 C:\WINDOWS\System32\DriverStore\FileRepository\nvami.inf_amd64_138dcebfe5992a47\nvgpucomp64.dll
	0x7FFC678F1000 0x7FFC67C52000 C:\WINDOWS\System32\DriverStore\FileRepository\nvami.inf_amd64_138dcebfe5992a47\Display.NvContainer\NvMessageBus.dll
	0x7FFC683B1000 0x7FFC68486000 C:\WINDOWS\System32\DriverStore\FileRepository\nvami.inf_amd64_138dcebfe5992a47\NvMemMapStoragex.dll
	0x7FFC5A8D1000 0x7FFC5FBE2000 C:\WINDOWS\System32\DriverStore\FileRepository\nvami.inf_amd64_138dcebfe5992a47\nvwgf2umx.dll
	0x7FFC70801000 0x7FFC70A54000 C:\WINDOWS\SYSTEM32\dcomp.dll
	0x7FFC50291000 0x7FFC50344000 C:\WINDOWS\SYSTEM32\webio.dll
	0x7FFC74971000 0x7FFC7497C000 C:\WINDOWS\SYSTEM32\WINNSI.DLL
	0x7FFC53DE1000 0x7FFC53DF6000 C:\WINDOWS\SYSTEM32\ondemandconnroutehelper.dll
	0x7FFC766C1000 0x7FFC76766000 C:\WINDOWS\system32\schannel.DLL
	0x7FFC59211000 0x7FFC59236000 C:\WINDOWS\system32\ncryptsslp.dll
	0x7FFC60111000 0x7FFC602FD000 C:\WINDOWS\SYSTEM32\AUDIOSES.DLL
	0x7FFC56F61000 0x7FFC570DC000 C:\Windows\System32\Windows.UI.dll
	0x7FFC423D1000 0x7FFC423F8000 C:\WINDOWS\SYSTEM32\winmmbase.dll
	0x7FFC42381000 0x7FFC423C5000 C:\WINDOWS\SYSTEM32\wdmaud.drv
	0x7FFC42371000 0x7FFC42378000 C:\WINDOWS\SYSTEM32\ksuser.dll
	0x7FFC71E11000 0x7FFC71E1A000 C:\WINDOWS\SYSTEM32\AVRT.dll
	0x7FFC41931000 0x7FFC4193D000 C:\WINDOWS\SYSTEM32\msacm32.drv
	0x7FFC41901000 0x7FFC4190A000 C:\WINDOWS\SYSTEM32\midimap.dll
	0x7FFC75031000 0x7FFC75044000 C:\WINDOWS\SYSTEM32\resourcepolicyclient.dll
	0x7FFBF70F1000 0x7FFBF7138000 C:\WINDOWS\SYSTEM32\icm32.dll
	0x7FFC6D211000 0x7FFC6D57C000 C:\WINDOWS\SYSTEM32\CoreUIComponents.dll
	-------------------------------------------------------------
	---- thread start --- RIP ---------- file short -------------
	-------------------------------------------------------------
	13692: 0x7FF65AF8BCA8 0x7FFC7A550424 ...\Guild Wars 2\Gw2-64.exe
	11640: 0x7FFC7A4E5580 0x7FFC7A553FF4 ...\SYSTEM32\ntdll.dll
	15308: 0x7FFC7A4E5580 0x7FFC7A553FF4 ...\SYSTEM32\ntdll.dll
	14872: 0x7FFC7A4E5580 0x7FFC7A553FF4 ...\SYSTEM32\ntdll.dll
	13932: 0x7FF65AF9E5E8 0x7FFC7A553334 ...\Guild Wars 2\Gw2-64.exe
	14152: 0x7FF65AF9E5E8 0x7FFC7A553334 ...\Guild Wars 2\Gw2-64.exe
	22692: 0x7FF65AF9E5E8 0x7FFC7A553334 ...\Guild Wars 2\Gw2-64.exe
	13468: 0x7FF65AF9E5E8 0x7FFC7A550424 ...\Guild Wars 2\Gw2-64.exe
	14520: 0x7FFC777C49D0 0x7FFC7A550EF4 ...\System32\CRYPT32.dll
	12056: 0x7FFC7A4E5580 0x7FFC7A553FF4 ...\SYSTEM32\ntdll.dll
	 5272: 0x7FF65AF5E350 0x7FFC7A550424 ...\Guild Wars 2\Gw2-64.exe
	14036: 0x7FF65AF5E350 0x7FF65BC01C94 ...\Guild Wars 2\Gw2-64.exe
	17636: 0x7FF65AF5E350 0x7FFC7A550424 ...\Guild Wars 2\Gw2-64.exe
	 8636: 0x7FF65AF5E350 0x7FFC7A550424 ...\Guild Wars 2\Gw2-64.exe
	15104: 0x7FF65AF5E350 0x7FFC7A550424 ...\Guild Wars 2\Gw2-64.exe
	13528: 0x7FF65AF5E350 0x7FFC7A550424 ...\Guild Wars 2\Gw2-64.exe
	 5652: 0x7FF65AF5E350 0x7FFC7A550424 ...\Guild Wars 2\Gw2-64.exe
	17644: 0x7FF65AF5E350 0x7FFC7A550424 ...\Guild Wars 2\Gw2-64.exe
	20300: 0x7FF65AF5E350 0x7FFC7A550424 ...\Guild Wars 2\Gw2-64.exe
	 7396: 0x7FF65AF5E350 0x7FFC7A550424 ...\Guild Wars 2\Gw2-64.exe
	14536: 0x7FF65AF9E5E8 0x7FFC7A550424 ...\Guild Wars 2\Gw2-64.exe
	13344: 0x7FF65AF9E5E8 0x7FFC7A550424 ...\Guild Wars 2\Gw2-64.exe
	 9008: 0x7FF65AF9E5E8 0x7FFC77E41534 ...\Guild Wars 2\Gw2-64.exe
	 5648: 0x7FFC787B67D0 0x7FFC7A550424 ...\System32\WS2_32.dll
	 6376: 0x7FF65AF9E5E8 0x7FFC7A550424 ...\Guild Wars 2\Gw2-64.exe
	14472: 0x7FF65AF9E5E8 0x7FFC7A550424 ...\Guild Wars 2\Gw2-64.exe
	15120: 0x7FF65AF9E5E8 0x<callthread> ...\Guild Wars 2\Gw2-64.exe
	 7584: 0x7FFC667F3BA0 0x7FFC77E4AD14 ...\amd64_microsoft.windows.gdiplus_6595b64144ccf1df_1.1.22621.4541_none_57fbc4aace173a53\gdiplus.dll
	11892: 0x7FF65AF9E5E8 0x7FFC7A550424 ...\Guild Wars 2\Gw2-64.exe
	13120: 0x7FF65AF9E5E8 0x7FFC7A550424 ...\Guild Wars 2\Gw2-64.exe
	10756: 0x7FF65AF9E5E8 0x7FFC7A550424 ...\Guild Wars 2\Gw2-64.exe
	11644: 0x7FFBAB80D940 0x7FFC7A550424 ...\cef\libcef.dll
	14828: 0x7FFBAB80D940 0x7FFC7A550424 ...\cef\libcef.dll
	12092: 0x7FFBAB80D940 0x7FFC7A550424 ...\cef\libcef.dll
	10856: 0x7FFBAB80D940 0x7FFC7A550424 ...\cef\libcef.dll
	13484: 0x7FFBAB80D940 0x7FFC7A5504C4 ...\cef\libcef.dll
	 9392: 0x7FFBAB80D940 0x7FFC7A550424 ...\cef\libcef.dll
	15916: 0x7FFBAB80D940 0x7FFC77E4AD14 ...\cef\libcef.dll
	16532: 0x7FFBAB80D940 0x7FFC77E4AD14 ...\cef\libcef.dll
	23280: 0x7FFBAB80D940 0x7FFC7A550424 ...\cef\libcef.dll
	 2612: 0x7FFBAB80D940 0x7FFC7A550424 ...\cef\libcef.dll
	10740: 0x7FFBAB80D940 0x7FFC7A553F94 ...\cef\libcef.dll
	14728: 0x7FFBAB80D940 0x7FFC77E4AD14 ...\cef\libcef.dll
	19880: 0x7FFBAB80D940 0x7FFC7A550424 ...\cef\libcef.dll
	23460: 0x7FFBAB80D940 0x7FFC7A550424 ...\cef\libcef.dll
	 3648: 0x7FFC78B20800 0x7FFC7A550EF4 ...\System32\combase.dll
	 8848: 0x7FFC7A4E5580 0x7FFC7A553FF4 ...\SYSTEM32\ntdll.dll
	21848: 0x7FFC7A4E5580 0x7FFC7A553FF4 ...\SYSTEM32\ntdll.dll
	11260: 0x7FFBAB80D940 0x7FFC7A550424 ...\cef\libcef.dll
	20588: 0x7FFBAB80D940 0x7FFC7A550424 ...\cef\libcef.dll
	12284: 0x7FFBAB80D940 0x7FFC7A550424 ...\cef\libcef.dll
	 2736: 0x7FFBAB80D940 0x7FFC7A550424 ...\cef\libcef.dll
	21616: 0x7FFBAB80D940 0x7FFC7A5504C4 ...\cef\libcef.dll
	13136: 0x7FF65AC3AC20 0x7FFC7A550424 ...\Guild Wars 2\Gw2-64.exe
	13108: 0x7FF65AF0B460 0x7FFC7A550424 ...\Guild Wars 2\Gw2-64.exe
	19876: 0x7FFBA66A4E14 0x7FFC7A553F94 ...\gw2radial\gw2addon_gw2radial.dll
	20128: 0x7FFC67B40170 0x7FFC7A5504C4 ...\Display.NvContainer\NvMessageBus.dll
	20232: 0x7FFC67B40170 0x7FFC7A553F94 ...\Display.NvContainer\NvMessageBus.dll
	 3252: 0x7FFC5B8442A0 0x7FFC7A553F94 ...\nvami.inf_amd64_138dcebfe5992a47\nvwgf2umx.dll
	20348: 0x7FFC5B8442A0 0x7FFC7A550EF4 ...\nvami.inf_amd64_138dcebfe5992a47\nvwgf2umx.dll
	18764: 0x7FFC5B8442A0 0x7FFC7A550424 ...\nvami.inf_amd64_138dcebfe5992a47\nvwgf2umx.dll
	20764: 0x7FFC5B8442A0 0x7FFC7A550424 ...\nvami.inf_amd64_138dcebfe5992a47\nvwgf2umx.dll
	 7756: 0x7FFC5B8442A0 0x7FFC7A550424 ...\nvami.inf_amd64_138dcebfe5992a47\nvwgf2umx.dll
	 5752: 0x7FFC5B8442A0 0x7FFC7A550424 ...\nvami.inf_amd64_138dcebfe5992a47\nvwgf2umx.dll
	20560: 0x7FFC5B8442A0 0x7FFC7A550424 ...\nvami.inf_amd64_138dcebfe5992a47\nvwgf2umx.dll
	14800: 0x7FFC5B8442A0 0x7FFC7A550424 ...\nvami.inf_amd64_138dcebfe5992a47\nvwgf2umx.dll
	10400: 0x7FFC5B8442A0 0x7FFC7A550424 ...\nvami.inf_amd64_138dcebfe5992a47\nvwgf2umx.dll
	22604: 0x7FFC5B8442A0 0x7FFC7A550424 ...\nvami.inf_amd64_138dcebfe5992a47\nvwgf2umx.dll
	18448: 0x7FFC7A4E5580 0x7FFC7A553FF4 ...\SYSTEM32\ntdll.dll
	 2532: 0x7FFC7A4E5580 0x7FFC7A553FF4 ...\SYSTEM32\ntdll.dll
	 4764: 0x7FFC7A4E5580 0x7FFC7A553FF4 ...\SYSTEM32\ntdll.dll
	 4320: 0x7FFC7A4E5580 0x7FFC7A553FF4 ...\SYSTEM32\ntdll.dll
	20484: 0x7FFC7A4E5580 0x7FFC7A553FF4 ...\SYSTEM32\ntdll.dll
	17256: 0x7FFC7A4E5580 0x7FFC7A553FF4 ...\SYSTEM32\ntdll.dll
	18436: 0x7FFC7A4E5580 0x7FFC7A553FF4 ...\SYSTEM32\ntdll.dll
	22532: 0x7FFC7A4E5580 0x7FFC7A553FF4 ...\SYSTEM32\ntdll.dll
	17952: 0x7FFC7A4E5580 0x7FFC7A553FF4 ...\SYSTEM32\ntdll.dll
	23436: 0x7FFC7A4E5580 0x7FFC7A553FF4 ...\SYSTEM32\ntdll.dll
	 7964: 0x7FFC7A4E5580 0x7FFC7A553FF4 ...\SYSTEM32\ntdll.dll
	 5740: 0x7FFC7A4E5580 0x7FFC7A553FF4 ...\SYSTEM32\ntdll.dll
	 3156: 0x7FFC3A0FE5B0 0x7FFC7A550A24 ...\arcdps\gw2addon_arcdps.dll
	23488: 0x7FFC3A0ED560 0x7FFC7A550A24 ...\arcdps\gw2addon_arcdps.dll
	23496: 0x7FFC5B8442A0 0x7FFC7A550424 ...\nvami.inf_amd64_138dcebfe5992a47\nvwgf2umx.dll
	 1384: 0x7FFC5B8442A0 0x7FFC7A550424 ...\nvami.inf_amd64_138dcebfe5992a47\nvwgf2umx.dll
	 1928: 0x7FFC5B8442A0 0x7FFC7A550424 ...\nvami.inf_amd64_138dcebfe5992a47\nvwgf2umx.dll
	22688: 0x7FFC5B8442A0 0x7FFC7A550424 ...\nvami.inf_amd64_138dcebfe5992a47\nvwgf2umx.dll
	20340: 0x7FFC5B8442A0 0x7FFC7A550424 ...\nvami.inf_amd64_138dcebfe5992a47\nvwgf2umx.dll
	12412: 0x7FFC5B8442A0 0x7FFC7A550424 ...\nvami.inf_amd64_138dcebfe5992a47\nvwgf2umx.dll
	16388: 0x7FFC5B8442A0 0x7FFC7A550424 ...\nvami.inf_amd64_138dcebfe5992a47\nvwgf2umx.dll
	20556: 0x7FFC5B8442A0 0x7FFC7A550424 ...\nvami.inf_amd64_138dcebfe5992a47\nvwgf2umx.dll
	23112: 0x7FFC5B8442A0 0x7FFC7A550424 ...\nvami.inf_amd64_138dcebfe5992a47\nvwgf2umx.dll
	 2184: 0x7FFC5B8442A0 0x7FFC7A550424 ...\nvami.inf_amd64_138dcebfe5992a47\nvwgf2umx.dll
	 8928: 0x7FFC5B8442A0 0x7FFC7A550424 ...\nvami.inf_amd64_138dcebfe5992a47\nvwgf2umx.dll
	12076: 0x7FFC5B8442A0 0x7FFC7A550424 ...\nvami.inf_amd64_138dcebfe5992a47\nvwgf2umx.dll
	18880: 0x7FFC5B8442A0 0x7FFC7A550EF4 ...\nvami.inf_amd64_138dcebfe5992a47\nvwgf2umx.dll
	22048: 0x7FFC5B8442A0 0x7FFC7A550424 ...\nvami.inf_amd64_138dcebfe5992a47\nvwgf2umx.dll
	21216: 0x7FF65AF9E5E8 0x7FFC7A550424 ...\Guild Wars 2\Gw2-64.exe
	22008: 0x7FF65AF9E5E8 0x7FFC7A550424 ...\Guild Wars 2\Gw2-64.exe
	10144: 0x7FF65AF9E5E8 0x7FFC7A550424 ...\Guild Wars 2\Gw2-64.exe
	23008: 0x7FF65AF9E5E8 0x7FFC7A550A24 ...\Guild Wars 2\Gw2-64.exe
	17272: 0x7FF65AC3AC20 0x7FFC7A550424 ...\Guild Wars 2\Gw2-64.exe
	22652: 0x7FF65AF9E5E8 0x7FFC7A550424 ...\Guild Wars 2\Gw2-64.exe
	-----------------------------------------------
	---- registers --------------------------------
	-----------------------------------------------
	RAX: 0x000000000033DE18 R8:  0x0000000000000000
	RBX: 0x0000000000000000 R9:  0x0000000000003D79
	RCX: 0x0000000000003D79 R10: 0x0000000000000000
	RDX: 0x0000000000000000 R11: 0x00007FF65C3B9810
	RBP: 0x0000000000000000 R12: 0x000000007FFFFFFF
	RSP: 0x00000010176FF150 R13: 0x000001D8084E50E0
	RSI: 0x0000000000003D79 R14: 0x00000010176FF6E0
	RDI: 0x0000000000000000 R15: 0x000000007FFFFFFF
	RIP: 0x00007FFC3A0E782A
	RFLAGS: 0x00010202
	ZF: 0 PF: 0 AF: 0
	OF: 0 SF: 0 DF: 0
	CF: 0 TF: 0 IF: 1
	CFLAGS: 0x0010005F
	GS: 0x0053 FS: 0x002B
	ES: 0x002B DS: 0x002B
	CS: 0x0033 SS: 0x002B
	MXCSR: 0x00009FBF
	DR0: 0x0000000000000000 DR3: 0x0000000000000000
	DR1: 0x0000000000000000 DR6: 0x0000000000000000
	DR2: 0x0000000000000000 DR7: 0x0000000000000000
	errno: 0 GetLastError: 18
	---------------------------------------------------
	---- code ----- 0 ------ 4 ------ 8 ------ C ------
	---------------------------------------------------
	0x7FFC3A0E77EA: CCCCCCCC CCCC4889 5C240848 896C2410
	0x7FFC3A0E77FA: 48897424 18574883 EC30488B B9800100
	0x7FFC3A0E780A: 00498BE8 8BF28B91 FC030000 8BCE4869
	0x7FFC3A0E781A: C6D80000 00488D1C 383BF272 03488BDF
	0x7FFC3A0E782A> 807B1700 75693BF2 73034803 F8BA3F00
	0x7FFC3A0E783A: 0000E84F 42000048 89471848 8B074885
	0x7FFC3A0E784A: C0750DB9 80000000 E8F94C04 00488907
	0x7FFC3A0E785A: BA800000 00488BC8 4885ED74 114C8BCD
	---------------------------------------------------
	---- stack ---- 0 ------ 4 ------ 8 ------ C ------
	---------------------------------------------------
	0x0010176FF0F0: 00000000 00000000 08000000 00000000
	0x0010176FF100: 60060000 00000000 00000000 F67F0000
	0x0010176FF110: C0000000 00000000 3B2AD55A F67F0000
	0x0010176FF120: B0056809 D8010000 01000000 00000000
	0x0010176FF130: 01000000 00000000 01000000 00000000
	0x0010176FF140: 30797CC8 D7010000 5F060000 00000000
	0x0010176FF150> 78000000 00000000 8B2ED55A F67F0000
	0x0010176FF160: 00000000 00000000 7723D55A F67F0000
	0x0010176FF170: 18755413 D8010000 A19DAA77 FC7F0000
	0x0010176FF180: 9D893CC9 D7010000 0CD70D3A FC7F0000
	0x0010176FF190: E0504E08 D8010000 49F26F17 10000000
	0x0010176FF1A0: D0EC1D3A FC7F0000 40718C0C D8010000
	0x0010176FF1B0: 007E8C0C D8010000 175B755B F67F0000
	0x0010176FF1C0: 08000000 00000000 00000000 00000000
	0x0010176FF1D0: 01000000 00000000 F0745413 D8010000
	0x0010176FF1E0: E0AD718D D7010000 E4884883 D7010000
	0x0010176FF1F0: 08AE718D D7010000 491CDF5B F67F0000
	0x0010176FF200: 01000000 D8010000 B82B765B F67F0000
	0x0010176FF210: A0F36F17 10000000 D0EC1D3A FC7F0000
	0x0010176FF220: 5F060000 00000000 F809103A FC7F0000
	0x0010176FF230: 01000000 D7010000 04000000 F67F0000
	0x0010176FF240: 64F26F17 10000000 D0EC1D3A FC7F0000
	0x0010176FF250: E0AD718D D7010000 E0F66F17 10000000
	0x0010176FF260: 08AE718D D7010000 70F76F17 10000000
	0x0010176FF270: 9D893CC9 D7010000 505ADEC8 D7010000
	0x0010176FF280: A0F36F17 10000000 31910E3A FC7F0000
	0x0010176FF290: 5F062D5D F67F0000 E0504E08 D8010000
	0x0010176FF2A0: 505ADEC8 D7010000 793D0000 10000000
	0x0010176FF2B0: 610C0000 10000000 FFFFFFFF 10000000
	0x0010176FF2C0: 01000000 D7010000 00000000 D7010000
	0x0010176FF2D0: 2C884883 D7010000 BD046C5D F67F0000
	0x0010176FF2E0: 00000000 D7010000 79F4FA34 D7010000
	0x0010176FF2F0: 38F36F17 10000000 610C0000 FC7F0000
	0x0010176FF300: FFFFFFFF D7010000 01000000 10000000
	0x0010176FF310: 01000000 D7010000 60AD718D D7010000
	0x0010176FF320: 11000000 00000000 2F20DB5B F67F0000
	0x0010176FF330: 60AD718D D7010000 2C884883 D7010000
	0x0010176FF340: E8A617EE D7010000 9D893CC9 D7010000
	--------------------------------------------------------
	---- trace ---- frame -------- RVA ------ file short ---
	--------------------------------------------------------
	0x7FFC3A0E782A: 0x0010176FF180 :0+001782A gw2addon_arcdps
	0x7FFC3A0DD70C: 0x0010176FF280 :0+000D70C gw2addon_arcdps
	0x7FFC3A0E9131: 0x0010176FF2D0 :0+0019131 gw2addon_arcdps
	0x7FF65D6C04BD: 0x0010176FF2D8 :0+7FF65D6C04BD gw2addon_arcdps
	0x01D700000000: 0x0010176FF2E0 :0+1D700000000 gw2addon_arcdps
	0x01D734FAF479: 0x0010176FF2E8 :0+1D734FAF479 gw2addon_arcdps
	0x0010176FF338: 0x0010176FF2F0 :0+10176FF338 gw2addon_arcdps
	0x7FFC00000C61: 0x0010176FF2F8 :0+7FFC00000C61 gw2addon_arcdps
	0x01D7FFFFFFFF: 0x0010176FF300 :0+1D7FFFFFFFF gw2addon_arcdps
	0x001000000001: 0x0010176FF308 :0+1000000001 gw2addon_arcdps
	0x01D700000001: 0x0010176FF310 :0+1D700000001 gw2addon_arcdps
	0x01D78D71AD60: 0x0010176FF318 :0+1D78D71AD60 gw2addon_arcdps
	0x000000000011: 0x0010176FF320 :0+0000011 gw2addon_arcdps
	0x7FF65BDB202F: 0x0010176FF3D0 :0+12E202F Gw2-64
	0x7FF65BDB2D84: 0x0010176FF730 :0+12E2D84 Gw2-64
	0x7FF65B954F62: 0x0010176FF7A0 :0+0E84F62 Gw2-64
	0x7FF65B9551A0: 0x0010176FF9A0 :0+0E851A0 Gw2-64
	0x7FF65B9573B5: 0x0010176FFA00 :0+0E873B5 Gw2-64
	0x7FF65AFE09B7: 0x0010176FFB10 :0+05109B7 Gw2-64
	0x7FF65AFDEED0: 0x0010176FFBC0 :0+050EED0 Gw2-64
	0x7FF65AFDEFD1: 0x0010176FFC60 :0+050EFD1 Gw2-64
	0x7FF65AFDEAFF: 0x0010176FFCF0 :0+050EAFF Gw2-64
	0x7FF65AFDFEF7: 0x0010176FFD40 :0+050FEF7 Gw2-64
	0x7FF65AFDFFCF: 0x0010176FFD70 :0+050FFCF Gw2-64
	0x7FF65AFDE485: 0x0010176FFDA0 :0+050E485 Gw2-64
	0x7FF65AD5486D: 0x0010176FFDD0 :0+028486D Gw2-64
	0x7FF65AF9E642: 0x0010176FFE00 :0+04CE642 Gw2-64
	0x7FFC7904259D: 0x0010176FFE30 :0+001259D KERNEL32@BaseThreadInitThunk (via export)
	0x7FFC7A50AF38: 0x0010176FFEB0 :0+005AF38 ntdll@RtlUserThreadStart (via export)
