2024-08-20 12:27:05.939: info: build 20240723.184456-545-x64
2024-08-20 12:27:06.490: info: in process C:\Program Files (x86)\Steam\steamapps\common\Guild Wars 2\Gw2-64.exe, 0x7FF608D31000-0x7FF60B857000 (0x13BBE4ED)
2024-08-20 12:27:06.508: info: as addon C:\Program Files (x86)\Steam\steamapps\common\Guild Wars 2\addons\arcdps\gw2addon_arcdps.dll, 0x7FFD68611000-0x7FFD6873E000 (0x59126BDA)
2024-08-20 12:27:14.192: error: content mismatch
2024-08-20 12:27:14.224: error: intercepted unhandled hardware exception at "C:\Program Files (x86)\Steam\steamapps\common\Guild Wars 2\addons\arcdps\gw2addon_arcdps.dll :0+x1AD80" thread 34368
	---------------------
	---- info -----------
	---------------------
	code:        C0000005
	address: 7FFD6862AD80
	flags:              0
2024-08-20 12:27:14.278: extensions: BHUDrender 0x76B71000-0x76D4F000 (C:\Program Files (x86)\Steam\steamapps\common\Guild Wars 2\addons\arcdps\arcdps_bhud.dll, 0.3.1, 0xB9E5A1B8, 20804)
	-------------------
	---- system -------
	-------------------
	windows: 11.0.22621
	cpu: Intel(R) Core(TM) i7-8750H CPU @ 2.20GHz
	ram: 16361MB / 32691MB used
	gpu: NVIDIA GeForce GTX 1070
2024-08-20 12:27:14.315: extensions: Mechanics 0x7FFCEB701000-0x7FFCEB7AE000 (C:\Program Files (x86)\Steam\steamapps\common\Guild Wars 2\addons\arcdps\d3d9_arcdps_mechanics.dll, Feb 12 2023 00:25:34, 0x98AEF35B, 81004122)
2024-08-20 12:27:14.343: extensions: killproof.me 0x7FFD67841000-0x7FFD67AE8000 (C:\Program Files (x86)\Steam\steamapps\common\Guild Wars 2\addons\arcdps\d3d9_arcdps_killproof_me.dll, 2.13.1.0, 0x4654293B, 6BAF1938)
	-----------------------------------------------------------------------------------
	---- module range ----------- file ------------------------------------------------
	-----------------------------------------------------------------------------------
	0x7FF608D31000 0x7FF60B856000 C:\Program Files (x86)\Steam\steamapps\common\Guild Wars 2\Gw2-64.exe
	0x7FFDE30D1000 0x7FFDE32E6000 C:\WINDOWS\SYSTEM32\ntdll.dll
	0x7FFDE28E1000 0x7FFDE29A3000 C:\WINDOWS\System32\KERNEL32.DLL
	0x7FFDE08D1000 0x7FFDE0C7C000 C:\WINDOWS\System32\KERNELBASE.dll
	0x7FFDE2C71000 0x7FFDE2E1D000 C:\WINDOWS\System32\USER32.dll
	0x7FFDE0DE1000 0x7FFDE0E05000 C:\WINDOWS\System32\win32u.dll
	0x7FFDE1BB1000 0x7FFDE1BD8000 C:\WINDOWS\System32\GDI32.dll
	0x7FFDE0401000 0x7FFDE0518000 C:\WINDOWS\System32\gdi32full.dll
	0x7FFDE0C81000 0x7FFDE0D19000 C:\WINDOWS\System32\msvcp_win.dll
	0x7FFDE05C1000 0x7FFDE06D0000 C:\WINDOWS\System32\ucrtbase.dll
	0x7FFDE0FE1000 0x7FFDE1091000 C:\WINDOWS\System32\ADVAPI32.dll
	0x7FFDE2B31000 0x7FFDE2BD6000 C:\WINDOWS\System32\msvcrt.dll
	0x7FFDE1241000 0x7FFDE12E8000 C:\WINDOWS\System32\sechost.dll
	0x7FFDE0521000 0x7FFDE0547000 C:\WINDOWS\System32\bcrypt.dll
	0x7FFDE2781000 0x7FFDE2893000 C:\WINDOWS\System32\RPCRT4.dll
	0x7FFDE11A1000 0x7FFDE1210000 C:\WINDOWS\System32\WS2_32.dll
	0x7FFDE0551000 0x7FFDE05BA000 C:\WINDOWS\System32\WINTRUST.dll
	0x7FFDD4471000 0x7FFDD4479000 C:\WINDOWS\SYSTEM32\VERSION.dll
	0x7FFDE1C41000 0x7FFDE249E000 C:\WINDOWS\System32\SHELL32.dll
	0x7FFDD79C1000 0x7FFDD79F3000 C:\WINDOWS\SYSTEM32\WINMM.dll
	0x7FFDDF2A1000 0x7FFDDF2B3000 C:\WINDOWS\SYSTEM32\WTSAPI32.dll
	0x7FFDE25D1000 0x7FFDE2774000 C:\WINDOWS\System32\ole32.dll
	0x7FFDE1821000 0x7FFDE1BA7000 C:\WINDOWS\System32\combase.dll
	0x7FFDE2E21000 0x7FFDE2EF6000 C:\WINDOWS\System32\OLEAUT32.dll
	0x7FFDE28A1000 0x7FFDE28D0000 C:\WINDOWS\System32\IMM32.dll
	0x7FFDE0761000 0x7FFDE08C6000 C:\WINDOWS\System32\CRYPT32.dll
	0x7FFDD3831000 0x7FFDD3836000 C:\WINDOWS\SYSTEM32\MSIMG32.dll
	0x7FFDC8A21000 0x7FFDC8AD2000 C:\WINDOWS\WinSxS\amd64_microsoft.windows.common-controls_6595b64144ccf1df_5.82.22621.3527_none_b43b7f4b638cc64f\COMCTL32.dll
	0x7FFDCD6E1000 0x7FFDCD898000 C:\WINDOWS\WinSxS\amd64_microsoft.windows.gdiplus_6595b64144ccf1df_1.1.22621.3810_none_57f8d842ce19d879\gdiplus.dll
	0x7FFDA18D1000 0x7FFDA18E8000 C:\WINDOWS\SYSTEM32\USP10.dll
	0x7FFDDF2C1000 0x7FFDDF2CB000 C:\WINDOWS\SYSTEM32\Secur32.dll
	0x7FFDC7601000 0x7FFDC761D000 C:\WINDOWS\SYSTEM32\MSACM32.dll
	0x7FFDDF741000 0x7FFDDF782000 C:\WINDOWS\SYSTEM32\SSPICLI.DLL
	0x7FFDE0091000 0x7FFDE00A1000 C:\WINDOWS\SYSTEM32\MSASN1.dll
	0x7FFD68741000 0x7FFD688D1000 C:\Program Files (x86)\Steam\gameoverlayrenderer64.dll
	0x7FFDE0FD1000 0x7FFDE0FD7000 C:\WINDOWS\System32\PSAPI.DLL
	0x7FFDE00E1000 0x7FFDE012D000 C:\WINDOWS\SYSTEM32\CFGMGR32.dll
	0x7FFDDDA71000 0x7FFDDDCA1000 C:\WINDOWS\SYSTEM32\dbghelp.dll
	0x7FFDE06E1000 0x7FFDE075A000 C:\WINDOWS\System32\bcryptPrimitives.dll
	0x7FFDDE301000 0x7FFDDEBFB000 C:\WINDOWS\SYSTEM32\windows.storage.dll
	0x7FFDDE1C1000 0x7FFDDE2FE000 C:\WINDOWS\SYSTEM32\wintypes.dll
	0x7FFDE10A1000 0x7FFDE1193000 C:\WINDOWS\System32\SHCORE.dll
	0x7FFDE2571000 0x7FFDE25CD000 C:\WINDOWS\System32\shlwapi.dll
	0x7FFDE0331000 0x7FFDE0350000 C:\WINDOWS\SYSTEM32\profapi.dll
	0x7FFDDF481000 0x7FFDDF497000 C:\WINDOWS\SYSTEM32\kernel.appcore.dll
	0x7FFDE00B1000 0x7FFDE00DB000 C:\WINDOWS\SYSTEM32\DEVOBJ.dll
	0x7FFDDD641000 0x7FFDDD678000 C:\WINDOWS\SYSTEM32\dxcore.dll
	0x7FFDDD531000 0x7FFDDD5DE000 C:\WINDOWS\system32\uxtheme.dll
	0x7FFDD4281000 0x7FFDD42B1000 C:\WINDOWS\SYSTEM32\cryptnet.dll
	0x7FFDDFC71000 0x7FFDDFC7B000 C:\WINDOWS\SYSTEM32\cryptbase.dll
	0x7FFDE2F01000 0x7FFDE2F1E000 C:\WINDOWS\System32\imagehlp.dll
	0x7FFDDFC91000 0x7FFDDFCAA000 C:\WINDOWS\SYSTEM32\CRYPTSP.dll
	0x7FFDDF441000 0x7FFDDF474000 C:\WINDOWS\system32\rsaenh.dll
	0x7FFDB5BE1000 0x7FFDB5C25000 C:\WINDOWS\SYSTEM32\DINPUT8.dll
	0x7FFDC7761000 0x7FFDC796D000 C:\WINDOWS\SYSTEM32\inputhost.dll
	0x7FFDD9CE1000 0x7FFDD9E12000 C:\WINDOWS\SYSTEM32\CoreMessaging.dll
	0x7FFDD84A1000 0x7FFDD84A6000 C:\Program Files (x86)\Steam\steamapps\common\Guild Wars 2\dxgi.dll
	0x7FFDC3F11000 0x7FFDC3F2D000 C:\WINDOWS\SYSTEM32\VCRUNTIME140.dll
	0x7FFDDFBC1000 0x7FFDDFC08000 C:\WINDOWS\SYSTEM32\wldp.dll
	0x7FFDD4101000 0x7FFDD4257000 C:\WINDOWS\SYSTEM32\drvstore.dll
	0x7FFDBF951000 0x7FFDBFC1F000 C:\WINDOWS\system32\nvspcap64.dll
	0x7FFDDF501000 0x7FFDDF533000 C:\WINDOWS\SYSTEM32\ntmarta.dll
	0x7FFDD8431000 0x7FFDD8441000 C:\Program Files (x86)\Steam\steamapps\common\Guild Wars 2\addonLoader.dll
	0x7FFDC3F01000 0x7FFDC3F0B000 C:\WINDOWS\SYSTEM32\VCRUNTIME140_1.dll
	0x7FFDC3F31000 0x7FFDC3FBC000 C:\WINDOWS\SYSTEM32\MSVCP140.dll
	0x7FFD68611000 0x7FFD6873E000 C:\Program Files (x86)\Steam\steamapps\common\Guild Wars 2\addons\arcdps\gw2addon_arcdps.dll
	0x7FFDDAD21000 0x7FFDDAE55000 C:\WINDOWS\SYSTEM32\WINHTTP.dll
	0x7FFDD8511000 0x7FFDD88F5000 C:\WINDOWS\SYSTEM32\D3DCOMPILER_47.dll
	0x7FFDB2DD1000 0x7FFDB2E0B000 C:\Program Files (x86)\Steam\steamapps\common\Guild Wars 2\addons\d3d9_wrapper\gw2addon_d3d9_wrapper.dll
	0x7FFCCD0A1000 0x7FFCCE841000 C:\Program Files (x86)\Steam\steamapps\common\Guild Wars 2\addons\gw2radial\gw2addon_gw2radial.dll
	0x7FFDC39B1000 0x7FFDC3EA3000 C:\WINDOWS\SYSTEM32\WININET.dll
	0x7FFDDD681000 0x7FFDDD776000 C:\WINDOWS\system32\dxgi.dll
	0x7FFDD6EE1000 0x7FFDD6F28000 C:\WINDOWS\SYSTEM32\directxdatabasehelper.dll
	0x7FFDD8C71000 0x7FFDD8EC6000 C:\WINDOWS\system32\d3d11.dll
	0x7FFDE13A1000 0x7FFDE1813000 C:\WINDOWS\System32\Setupapi.dll
	0x7FFDCED71000 0x7FFDCF451000 C:\WINDOWS\system32\nvapi64.dll
	0x7FFD6B9D1000 0x7FFD6BA39000 c:\program files\nvidia corporation\nvstreamsrv\nvinject.dll
	0x7FFDB1FC1000 0x7FFDB224D000 c:\program files\nvidia corporation\nvstreamsrv\rxcore.dll
	0x7FFDB5C81000 0x7FFDB5DCA000 C:\Program Files\NVIDIA Corporation\NvStreamSrv\rxdiag.dll
	0x7FFD6B511000 0x7FFD6B66F000 c:\program files\nvidia corporation\nvstreamsrv\rxgamepadremapping.dll
	0x000000401000 0x00000041D000 C:\WINDOWS\SYSTEM32\xinput1_3.dll
	0x7FFDC5D61000 0x7FFDC5D66000 c:\program files\nvidia corporation\nvstreamsrv\detoured.dll
	0x7FFD76AD1000 0x7FFD76AE0000 C:\WINDOWS\SYSTEM32\xinput1_4.dll
	0x7FFDC5D51000 0x7FFDC5D57000 C:\WINDOWS\SYSTEM32\xinput9_1_0.dll
	0x7FFDE24A1000 0x7FFDE254F000 C:\WINDOWS\System32\clbcatq.dll
	0x7FFDBBD61000 0x7FFDBBD76000 C:\WINDOWS\system32\napinsp.dll
	0x7FFDBBCC1000 0x7FFDBBCDA000 C:\WINDOWS\system32\pnrpnsp.dll
	0x7FFDDF941000 0x7FFDDF9A8000 C:\WINDOWS\System32\mswsock.dll
	0x7FFDDEF41000 0x7FFDDF037000 C:\WINDOWS\SYSTEM32\DNSAPI.dll
	0x7FFDDEED1000 0x7FFDDEEFC000 C:\WINDOWS\SYSTEM32\IPHLPAPI.DLL
	0x7FFDE2561000 0x7FFDE2568000 C:\WINDOWS\System32\NSI.dll
	0x7FFDBBCA1000 0x7FFDBBCB0000 C:\WINDOWS\System32\winrnr.dll
	0x7FFDD9FE1000 0x7FFDD9FF4000 C:\WINDOWS\system32\wshbth.dll
	0x7FFDBBC71000 0x7FFDBBC96000 C:\WINDOWS\system32\nlansp_c.dll
	0x7FFDD7FC1000 0x7FFDD8042000 C:\WINDOWS\System32\fwpuclnt.dll
	0x7FFDDAF31000 0x7FFDDAF39000 C:\Windows\System32\rasadhlp.dll
	0x7FFDE2F31000 0x7FFDE3082000 C:\WINDOWS\System32\msctf.dll
	0x7FFDC7971000 0x7FFDC7ABD000 C:\WINDOWS\SYSTEM32\textinputframework.dll
	0x7FFDDD2B1000 0x7FFDDD460000 C:\WINDOWS\SYSTEM32\WindowsCodecs.dll
	0x7FFDB4E21000 0x7FFDB50C7000 C:\WINDOWS\system32\explorerframe.dll
	0x7FFDB5DD1000 0x7FFDB5E7F000 C:\WINDOWS\SYSTEM32\TextShaping.dll
	0x7FFCC2891000 0x7FFCCD098000 C:\Program Files (x86)\Steam\steamapps\common\Guild Wars 2\bin64\cef\libcef.dll
	0x7FFDE29B1000 0x7FFDE2AA7000 C:\WINDOWS\System32\COMDLG32.dll
	0x7FFDDD0A1000 0x7FFDDD19F000 C:\WINDOWS\SYSTEM32\PROPSYS.dll
	0x7FFDAB121000 0x7FFDAB563000 C:\WINDOWS\SYSTEM32\UIAutomationCore.DLL
	0x7FFDCD671000 0x7FFDCD6D8000 C:\WINDOWS\SYSTEM32\OLEACC.dll
	0x7FFDDF9E1000 0x7FFDDFA07000 C:\WINDOWS\SYSTEM32\USERENV.dll
	0x7FFDDA001000 0x7FFDDA018000 C:\WINDOWS\SYSTEM32\NETAPI32.dll
	0x7FFDDEC01000 0x7FFDDEC0D000 C:\WINDOWS\SYSTEM32\HID.DLL
	0x7FFDDD841000 0x7FFDDD86A000 C:\WINDOWS\SYSTEM32\dwmapi.dll
	0x7FFDD8901000 0x7FFDD8B72000 C:\WINDOWS\SYSTEM32\DWrite.dll
	0x7FFDDFD91000 0x7FFDDFDBD000 C:\WINDOWS\SYSTEM32\ncrypt.dll
	0x7FFD684C1000 0x7FFD68601000 C:\Program Files (x86)\Steam\steamapps\common\Guild Wars 2\bin64\cef\chrome_elf.dll
	0x7FFDCD501000 0x7FFDCD5A6000 C:\WINDOWS\SYSTEM32\WINSPOOL.DRV
	0x7FFDB0D11000 0x7FFDB0EB7000 C:\WINDOWS\SYSTEM32\d3d9.dll
	0x7FFDBD3E1000 0x7FFDBD404000 C:\WINDOWS\SYSTEM32\dxva2.dll
	0x7FFDBCF11000 0x7FFDBCF69000 C:\WINDOWS\SYSTEM32\CRYPTUI.dll
	0x7FFDC2851000 0x7FFDC2A3F000 C:\WINDOWS\SYSTEM32\urlmon.dll
	0x7FFDA0421000 0x7FFDA043B000 C:\WINDOWS\SYSTEM32\credui.dll
	0x7FFDDAAD1000 0x7FFDDAAEE000 C:\WINDOWS\SYSTEM32\dhcpcsvc.DLL
	0x7FFDC5321000 0x7FFDC56EF000 C:\WINDOWS\SYSTEM32\ESENT.dll
	0x7FFDDA781000 0x7FFDDA7D3000 C:\WINDOWS\SYSTEM32\wevtapi.dll
	0x7FFDCEAB1000 0x7FFDCED6D000 C:\WINDOWS\SYSTEM32\iertutil.dll
	0x7FFDD5451000 0x7FFDD5477000 C:\WINDOWS\SYSTEM32\srvcli.dll
	0x7FFDDEE51000 0x7FFDDEE5B000 C:\WINDOWS\SYSTEM32\netutils.dll
	0x7FFDDF121000 0x7FFDDF129000 C:\WINDOWS\SYSTEM32\DSROLE.DLL
	0x7FFDDAE81000 0x7FFDDAE99000 C:\WINDOWS\SYSTEM32\WKSCLI.DLL
	0x7FFDD5501000 0x7FFDD5518000 C:\WINDOWS\SYSTEM32\SAMCLI.DLL
	0x7FFDDFD51000 0x7FFDDFD86000 C:\WINDOWS\SYSTEM32\NTASN1.dll
	0x7FFDE0151000 0x7FFDE0159000 C:\WINDOWS\SYSTEM32\DPAPI.dll
	0x7FFDDAB31000 0x7FFDDAB48000 C:\WINDOWS\SYSTEM32\dhcpcsvc6.DLL
	0x7FFDDF9B1000 0x7FFDDF9D5000 C:\WINDOWS\SYSTEM32\gpapi.dll
	0x7FFDDEE61000 0x7FFDDEEC5000 C:\WINDOWS\SYSTEM32\WINSTA.dll
	0x7FFDCD2D1000 0x7FFDCD36C000 C:\WINDOWS\System32\MMDevApi.dll
	0x7FFDDBCE1000 0x7FFDDBD9C000 C:\WINDOWS\SYSTEM32\mscms.dll
	0x7FFDD8161000 0x7FFDD82A0000 C:\WINDOWS\SYSTEM32\DSREG.DLL
	0x7FFDDF251000 0x7FFDDF29C000 C:\WINDOWS\SYSTEM32\POWRPROF.dll
	0x7FFDDF231000 0x7FFDDF242000 C:\WINDOWS\SYSTEM32\UMPDC.dll
	0x7FFDA9661000 0x7FFDA968D000 C:\Users\bossa\AppData\Local\Temp\2F943943-3E8C-4A6D-8BCB-B162D8204AB7\amd_ags_x64.dll
	0x7FFDD3911000 0x7FFDD39D0000 C:\WINDOWS\System32\DriverStore\FileRepository\nvami.inf_amd64_6e87d9907e09ff6b\nvldumdx.dll
	0x7FFDCF461000 0x7FFDD128E000 C:\WINDOWS\System32\DriverStore\FileRepository\nvami.inf_amd64_6e87d9907e09ff6b\nvgpucomp64.dll
	0x7FFDCE611000 0x7FFDCE967000 C:\WINDOWS\System32\DriverStore\FileRepository\nvami.inf_amd64_6e87d9907e09ff6b\Display.NvContainer\NvMessageBus.dll
	0x7FFCC2021000 0x7FFCC2889000 C:\WINDOWS\System32\DriverStore\FileRepository\nvami.inf_amd64_6e87d9907e09ff6b\NvCamera\NvCamera64.dll
	0x7FFDC8AE1000 0x7FFDCC69B000 C:\WINDOWS\System32\DriverStore\FileRepository\nvami.inf_amd64_6e87d9907e09ff6b\nvwgf2umx.dll
	0x7FFCC1C11000 0x7FFCC2013000 C:\WINDOWS\System32\DriverStore\FileRepository\nvami.inf_amd64_6e87d9907e09ff6b\NvCamera\d3dcompiler_47_64.dll
	0x7FFDD9511000 0x7FFDD9762000 C:\WINDOWS\SYSTEM32\dcomp.dll
	0x7FFDC8481000 0x7FFDC8535000 C:\WINDOWS\SYSTEM32\webio.dll
	0x7FFDDD4F1000 0x7FFDDD4FC000 C:\WINDOWS\SYSTEM32\WINNSI.DLL
	0x7FFDBD281000 0x7FFDBD296000 C:\WINDOWS\SYSTEM32\ondemandconnroutehelper.dll
	0x7FFDDF341000 0x7FFDDF3E6000 C:\WINDOWS\system32\schannel.DLL
	0x7FFDD7DA1000 0x7FFDD7DC6000 C:\WINDOWS\system32\ncryptsslp.dll
	0x7FFCC1881000 0x7FFCC1C0F000 C:\Users\bossa\AppData\Local\Discord\app-1.0.9158\modules\discord_hook-1\discord_hook\3c707a899ed380\DiscordHook64.dll
	0x7FFDC6911000 0x7FFDC6AFB000 C:\WINDOWS\SYSTEM32\AUDIOSES.DLL
	0x7FFDD7E41000 0x7FFDD7FB4000 C:\Windows\System32\Windows.UI.dll
	0x7FFDBF211000 0x7FFDBF946000 C:\Program Files\NVIDIA Corporation\NvContainer\MessageBus.dll
	0x7FFD76AF1000 0x7FFD76B18000 C:\WINDOWS\SYSTEM32\winmmbase.dll
	0x7FFDC52D1000 0x7FFDC5315000 C:\WINDOWS\SYSTEM32\wdmaud.drv
	0x7FFDDAF41000 0x7FFDDAF4A000 C:\WINDOWS\SYSTEM32\AVRT.dll
	0x7FFDDBA31000 0x7FFDDBA38000 C:\WINDOWS\SYSTEM32\ksuser.dll
	0x7FFDD3641000 0x7FFDD364D000 C:\WINDOWS\SYSTEM32\msacm32.drv
	0x7FFDC75F1000 0x7FFDC75FA000 C:\WINDOWS\SYSTEM32\midimap.dll
	0x7FFDDDEB1000 0x7FFDDDEC4000 C:\WINDOWS\SYSTEM32\resourcepolicyclient.dll
	0x7FFD68BA1000 0x7FFD68BE9000 C:\WINDOWS\SYSTEM32\icm32.dll
	0x7FFD68BA1000 0x7FFD68BE9000 ???
	0x7FFD68BA1000 0x7FFD68BE9000 ???
	0x7FFD68BA1000 0x7FFD68BE9000 ???
	0x000076B71000 0x000076D4F000 C:\Program Files (x86)\Steam\steamapps\common\Guild Wars 2\addons\arcdps\arcdps_bhud.dll
	0x7FFD67841000 0x7FFD67AE8000 C:\Program Files (x86)\Steam\steamapps\common\Guild Wars 2\addons\arcdps\d3d9_arcdps_killproof_me.dll
2024-08-20 12:27:14.368: extensions: Boon Table 0x7FFCDE201000-0x7FFCDE439000 (C:\Program Files (x86)\Steam\steamapps\common\Guild Wars 2\addons\arcdps\d3d9_arcdps_table.dll, 2.5.3.0, 0x24BDB5C4, 64003268)
	-------------------------------------------------------------
	---- thread start --- RIP ---------- file short -------------
	-------------------------------------------------------------
	 5440: 0x7FF6091D1338 0x7FFDE3170024 ...\Guild Wars 2\Gw2-64.exe
	33728: 0x7FFDE3105570 0x7FFDE3173BF4 ...\SYSTEM32\ntdll.dll
	30896: 0x7FFDE3105570 0x7FFDE3173BF4 ...\SYSTEM32\ntdll.dll
	31844: 0x7FFDE3105570 0x7FFDE3173BF4 ...\SYSTEM32\ntdll.dll
	30192: 0x7FF6091E3BF8 0x7FFDE3172F34 ...\Guild Wars 2\Gw2-64.exe
	27416: 0x7FF6091E3BF8 0x7FFDE3172F34 ...\Guild Wars 2\Gw2-64.exe
	30292: 0x7FF6091E3BF8 0x7FFDE3172F34 ...\Guild Wars 2\Gw2-64.exe
	23712: 0x7FF6091E3BF8 0x7FFDE3170024 ...\Guild Wars 2\Gw2-64.exe
	 3696: 0x7FFDE07A4B40 0x7FFDE3170AF4 ...\System32\CRYPT32.dll
	22420: 0x7FFDE3105570 0x7FFDE3173BF4 ...\SYSTEM32\ntdll.dll
	20092: 0x7FFDC7796360 0x7FFDE3170AF4 ...\SYSTEM32\inputhost.dll
	14344: 0x7FF6091A6590 0x7FFDE3170024 ...\Guild Wars 2\Gw2-64.exe
	11752: 0x7FF6091A6590 0x7FFDE3170024 ...\Guild Wars 2\Gw2-64.exe
	11080: 0x7FF6091A6590 0x7FFDE3170024 ...\Guild Wars 2\Gw2-64.exe
	30852: 0x7FF6091A6590 0x7FFDE3170024 ...\Guild Wars 2\Gw2-64.exe
	24088: 0x7FF6091A6590 0x7FFDE3170024 ...\Guild Wars 2\Gw2-64.exe
	 9468: 0x7FF6091A6590 0x7FFDE3170024 ...\Guild Wars 2\Gw2-64.exe
	25652: 0x7FF6091A6590 0x7FFDE3170024 ...\Guild Wars 2\Gw2-64.exe
	31964: 0x7FF6091A6590 0x7FFDE3170024 ...\Guild Wars 2\Gw2-64.exe
	32476: 0x7FF6091A6590 0x7FF608FE33E3 ...\Guild Wars 2\Gw2-64.exe
	29468: 0x7FF6091A6590 0x7FF609C75955 ...\Guild Wars 2\Gw2-64.exe
	31992: 0x7FF6091E3BF8 0x7FFDE3170024 ...\Guild Wars 2\Gw2-64.exe
	30140: 0x7FF6091E3BF8 0x7FFDE3170024 ...\Guild Wars 2\Gw2-64.exe
	32152: 0x7FF6091E3BF8 0x7FFDE0DE1534 ...\Guild Wars 2\Gw2-64.exe
	20340: 0x7FFDE11C67D0 0x7FFDE3170024 ...\System32\WS2_32.dll
	 9000: 0x7FF6091E3BF8 0x7FFDE3170024 ...\Guild Wars 2\Gw2-64.exe
	33636: 0x7FF6091E3BF8 0x7FFDE3170024 ...\Guild Wars 2\Gw2-64.exe
	33012: 0x7FF6091E3BF8 0x7FF60918D9E9 ...\Guild Wars 2\Gw2-64.exe
	11896: 0x7FFDCD6E3B90 0x7FFDE0DEACF4 ...\amd64_microsoft.windows.gdiplus_6595b64144ccf1df_1.1.22621.3810_none_57f8d842ce19d879\gdiplus.dll
	21980: 0x7FF6091E3BF8 0x7FFDE3170024 ...\Guild Wars 2\Gw2-64.exe
	32192: 0x7FF6091E3BF8 0x7FFDE3170024 ...\Guild Wars 2\Gw2-64.exe
	17884: 0x7FF6091E3BF8 0x7FFDE3170024 ...\Guild Wars 2\Gw2-64.exe
	23672: 0x7FFCC59CD940 0x7FFDE3170024 ...\cef\libcef.dll
	31904: 0x7FFCC59CD940 0x7FFDE3170024 ...\cef\libcef.dll
	26960: 0x7FFCC59CD940 0x7FFDE3170024 ...\cef\libcef.dll
	33052: 0x7FFCC59CD940 0x7FFDE3170024 ...\cef\libcef.dll
	14640: 0x7FFCC59CD940 0x7FFDE31700C4 ...\cef\libcef.dll
	29156: 0x7FFCC59CD940 0x7FFDE3170024 ...\cef\libcef.dll
	33692: 0x7FFDE3105570 0x7FFDE3173BF4 ...\SYSTEM32\ntdll.dll
	26448: 0x7FFCC59CD940 0x7FFDE0DEACF4 ...\cef\libcef.dll
	15708: 0x7FFCC59CD940 0x7FFDE0DEACF4 ...\cef\libcef.dll
	 4500: 0x7FFCC59CD940 0x7FFDE3170024 ...\cef\libcef.dll
	 6616: 0x7FFCC59CD940 0x7FFDE3170024 ...\cef\libcef.dll
	30728: 0x7FFCC59CD940 0x7FFDE3173B94 ...\cef\libcef.dll
	12076: 0x7FFCC59CD940 0x7FFDE0DEACF4 ...\cef\libcef.dll
	30584: 0x7FFCC59CD940 0x7FFDE3170024 ...\cef\libcef.dll
	 5740: 0x7FFCC59CD940 0x7FFDE3170024 ...\cef\libcef.dll
	 2824: 0x7FFCC59CD940 0x7FFDE3170024 ...\cef\libcef.dll
	33676: 0x7FFDE1848D80 0x7FFDE3170AF4 ...\System32\combase.dll
	26784: 0x7FFDE3105570 0x7FFDE3173BF4 ...\SYSTEM32\ntdll.dll
	32864: 0x7FFCC59CD940 0x7FFDE3170024 ...\cef\libcef.dll
	15788: 0x7FFCC59CD940 0x7FFDE3170024 ...\cef\libcef.dll
	20080: 0x7FFCC59CD940 0x7FFDE31700C4 ...\cef\libcef.dll
	18628: 0x7FFCC59CD940 0x7FFDE3170024 ...\cef\libcef.dll
	33624: 0x7FFCC59CD940 0x7FFDE3170024 ...\cef\libcef.dll
	33204: 0x7FFCC59CD940 0x7FFDE3170024 ...\cef\libcef.dll
	 6520: 0x7FF608E9AC20 0x7FFDE3170024 ...\Guild Wars 2\Gw2-64.exe
	 5068: 0x7FF6090FB030 0x7FFDE3170024 ...\Guild Wars 2\Gw2-64.exe
	 5332: 0x7FFDCE855270 0x7FFDE31700C4 ...\Display.NvContainer\NvMessageBus.dll
	30364: 0x7FFDCE855270 0x7FFDE3173B94 ...\Display.NvContainer\NvMessageBus.dll
	23356: 0x7FFDC99CE5A4 0x7FFDE3173B94 ...\nvami.inf_amd64_6e87d9907e09ff6b\nvwgf2umx.dll
	23296: 0x7FFDC99CE5A4 0x7FFDE3170024 ...\nvami.inf_amd64_6e87d9907e09ff6b\nvwgf2umx.dll
	13688: 0x7FFDC99CE5A4 0x7FFDE3170024 ...\nvami.inf_amd64_6e87d9907e09ff6b\nvwgf2umx.dll
	 7804: 0x7FFDC99CE5A4 0x7FFDE3170024 ...\nvami.inf_amd64_6e87d9907e09ff6b\nvwgf2umx.dll
	 5696: 0x7FFDC99CE5A4 0x7FFDE3170024 ...\nvami.inf_amd64_6e87d9907e09ff6b\nvwgf2umx.dll
	12608: 0x7FFDC99CE5A4 0x7FFDE3170024 ...\nvami.inf_amd64_6e87d9907e09ff6b\nvwgf2umx.dll
	19528: 0x7FFDC99CE5A4 0x7FFDE3170024 ...\nvami.inf_amd64_6e87d9907e09ff6b\nvwgf2umx.dll
	33496: 0x7FFDC99CE5A4 0x7FFDE3170024 ...\nvami.inf_amd64_6e87d9907e09ff6b\nvwgf2umx.dll
	33316: 0x7FFDC99CE5A4 0x7FFDE3170024 ...\nvami.inf_amd64_6e87d9907e09ff6b\nvwgf2umx.dll
	23064: 0x7FFDC99CE5A4 0x7FFDE3170024 ...\nvami.inf_amd64_6e87d9907e09ff6b\nvwgf2umx.dll
	32592: 0x7FFDC99CE5A4 0x7FFDE3170024 ...\nvami.inf_amd64_6e87d9907e09ff6b\nvwgf2umx.dll
	17576: 0x7FFDC99CE5A4 0x7FFDE3170024 ...\nvami.inf_amd64_6e87d9907e09ff6b\nvwgf2umx.dll
	31516: 0x7FFDC99CE5A4 0x7FFDE3170024 ...\nvami.inf_amd64_6e87d9907e09ff6b\nvwgf2umx.dll
	29812: 0x7FFDC99CE5A4 0x7FFDE3170024 ...\nvami.inf_amd64_6e87d9907e09ff6b\nvwgf2umx.dll
	22312: 0x7FFDC99CE5A4 0x7FFDE3170024 ...\nvami.inf_amd64_6e87d9907e09ff6b\nvwgf2umx.dll
	30648: 0x7FFDC99CE5A4 0x7FFDE3170024 ...\nvami.inf_amd64_6e87d9907e09ff6b\nvwgf2umx.dll
	32880: 0x7FFDC99CE5A4 0x7FFDE3170024 ...\nvami.inf_amd64_6e87d9907e09ff6b\nvwgf2umx.dll
	32640: 0x7FFDC99CE5A4 0x7FFDE3170024 ...\nvami.inf_amd64_6e87d9907e09ff6b\nvwgf2umx.dll
	12052: 0x7FFDC99CE5A4 0x7FFDE3170024 ...\nvami.inf_amd64_6e87d9907e09ff6b\nvwgf2umx.dll
	17376: 0x7FFDC99CE5A4 0x7FFDE3170024 ...\nvami.inf_amd64_6e87d9907e09ff6b\nvwgf2umx.dll
	27176: 0x7FFDC99CE5A4 0x7FFDE3170024 ...\nvami.inf_amd64_6e87d9907e09ff6b\nvwgf2umx.dll
	 7640: 0x7FFDC99CE5A4 0x7FFDE3170024 ...\nvami.inf_amd64_6e87d9907e09ff6b\nvwgf2umx.dll
	27072: 0x7FFDC99CE5A4 0x7FFDE3170024 ...\nvami.inf_amd64_6e87d9907e09ff6b\nvwgf2umx.dll
	 5912: 0x7FFDC99CE5A4 0x7FFDE3170024 ...\nvami.inf_amd64_6e87d9907e09ff6b\nvwgf2umx.dll
	 1456: 0x7FFDC99CE5A4 0x7FFDE3170024 ...\nvami.inf_amd64_6e87d9907e09ff6b\nvwgf2umx.dll
	13048: 0x7FFDE3105570 0x7FFDE3173BF4 ...\SYSTEM32\ntdll.dll
	32552: 0x7FFDE3105570 0x7FFDE3173BF4 ...\SYSTEM32\ntdll.dll
	11688: 0x7FFDE3105570 0x7FFDE3173BF4 ...\SYSTEM32\ntdll.dll
	19284: 0x7FFDE3105570 0x7FFDE3173BF4 ...\SYSTEM32\ntdll.dll
	27960: 0x7FFDE3105570 0x7FFDE3173BF4 ...\SYSTEM32\ntdll.dll
	27704: 0x7FFDE3105570 0x7FFDE3173BF4 ...\SYSTEM32\ntdll.dll
	31932: 0x7FFDE3105570 0x7FFDE3173BF4 ...\SYSTEM32\ntdll.dll
	29792: 0x7FFDE3105570 0x7FFDE3173BF4 ...\SYSTEM32\ntdll.dll
	 6340: 0x7FFDE3105570 0x7FFDE3173BF4 ...\SYSTEM32\ntdll.dll
	30500: 0x7FFDE3105570 0x7FFDE3173BF4 ...\SYSTEM32\ntdll.dll
	29128: 0x7FFDE3105570 0x7FFDE3173BF4 ...\SYSTEM32\ntdll.dll
	 8188: 0x7FFDE3105570 0x7FFDE3173BF4 ...\SYSTEM32\ntdll.dll
	33044: 0x7FFCC1922300 0x7FFDE3172F34 ...\3c707a899ed380\DiscordHook64.dll
	32404: 0x7FFDC99CE5A4 0x7FFDE3170024 ...\nvami.inf_amd64_6e87d9907e09ff6b\nvwgf2umx.dll
	 6916: 0x7FFDC99CE5A4 0x7FFDE3170024 ...\nvami.inf_amd64_6e87d9907e09ff6b\nvwgf2umx.dll
	28896: 0x7FFDC99CE5A4 0x7FFDE3170024 ...\nvami.inf_amd64_6e87d9907e09ff6b\nvwgf2umx.dll
	27828: 0x7FFDC99CE5A4 0x7FFDE3170024 ...\nvami.inf_amd64_6e87d9907e09ff6b\nvwgf2umx.dll
	 3852: 0x7FFDC99CE5A4 0x7FFDE3170024 ...\nvami.inf_amd64_6e87d9907e09ff6b\nvwgf2umx.dll
	31972: 0x7FFDC99CE5A4 0x7FFDE3170024 ...\nvami.inf_amd64_6e87d9907e09ff6b\nvwgf2umx.dll
	21148: 0x7FFDC99CE5A4 0x7FFDE3170024 ...\nvami.inf_amd64_6e87d9907e09ff6b\nvwgf2umx.dll
	33080: 0x7FFDC99CE5A4 0x7FFDE3170024 ...\nvami.inf_amd64_6e87d9907e09ff6b\nvwgf2umx.dll
	20780: 0x7FFDC99CE5A4 0x7FFDE3170024 ...\nvami.inf_amd64_6e87d9907e09ff6b\nvwgf2umx.dll
	31500: 0x7FFDC99CE5A4 0x7FFDE3170024 ...\nvami.inf_amd64_6e87d9907e09ff6b\nvwgf2umx.dll
	20248: 0x7FFDC99CE5A4 0x7FFDE3170024 ...\nvami.inf_amd64_6e87d9907e09ff6b\nvwgf2umx.dll
	19828: 0x7FFDC99CE5A4 0x7FFDE3170024 ...\nvami.inf_amd64_6e87d9907e09ff6b\nvwgf2umx.dll
	15024: 0x7FFDC99CE5A4 0x7FFDE3170AF4 ...\nvami.inf_amd64_6e87d9907e09ff6b\nvwgf2umx.dll
	 7460: 0x7FFDC99CE5A4 0x7FFDE3170024 ...\nvami.inf_amd64_6e87d9907e09ff6b\nvwgf2umx.dll
	33132: 0x7FFDBF5E6B50 0x7FFDE3170024 ...\NvContainer\MessageBus.dll
	33164: 0x7FFDBF5E6B50 0x7FFDE31700C4 ...\NvContainer\MessageBus.dll
	 5888: 0x7FFCC1922300 0x7FFDE3172F34 ...\3c707a899ed380\DiscordHook64.dll
	33292: 0x7FF6091E3BF8 0x7FFDE3170024 ...\Guild Wars 2\Gw2-64.exe
	 3644: 0x7FF6091E3BF8 0x7FFDE3170024 ...\Guild Wars 2\Gw2-64.exe
	 9104: 0x7FF6091E3BF8 0x7FFDE3170024 ...\Guild Wars 2\Gw2-64.exe
	23664: 0x7FF6091E3BF8 0x7FFDE3170624 ...\Guild Wars 2\Gw2-64.exe
	33820: 0x7FF608E9AC20 0x7FFDE3170024 ...\Guild Wars 2\Gw2-64.exe
	34368: 0x7FFD686347A0 0x<callthread> ...\arcdps\gw2addon_arcdps.dll
	34372: 0x7FFD686345D0 0x7FFDE3170624 ...\arcdps\gw2addon_arcdps.dll
	34376: 0x7FFD68634540 0x7FFDE3170624 ...\arcdps\gw2addon_arcdps.dll
	34392: 0x7FFDE3105570 0x7FFDE3173BF4 ...\SYSTEM32\ntdll.dll
	34396: 0x000076BD0E10 0x7FFDE3173B94 ...\arcdps\arcdps_bhud.dll
	34400: 0x000076BD0E10 0x7FFDE3173B94 ...\arcdps\arcdps_bhud.dll
	34404: 0x000076BD0E10 0x7FFDE3172F34 ...\arcdps\arcdps_bhud.dll
	34408: 0x7FFDDF94E2F0 0x7FFDE31700C4 ...\System32\mswsock.dll
	34412: 0x7FFD67969BC0 0x7FFDE3173B94 ...\arcdps\d3d9_arcdps_killproof_me.dll
	34416: 0x7FFD67969BC0 0x7FFDE3173B94 ...\arcdps\d3d9_arcdps_killproof_me.dll
	34420: 0x7FFD67969BC0 0x<callthread> ...\arcdps\d3d9_arcdps_killproof_me.dll
	-----------------------------------------------
	---- registers --------------------------------
	-----------------------------------------------
	RAX: 0x0000000000000000 R8:  0x000000CD99A1FC30
	RBX: 0x0000023A28C610E0 R9:  0x0000000000000000
	RCX: 0x0000023A292A0300 R10: 0x0000000000000002
	RDX: 0x000000CD99A1FC30 R11: 0x0000000000000246
	RBP: 0x0000023A1BDA96D8 R12: 0x0000000000000000
	RSP: 0x000000CD99A1FC00 R13: 0x0000000000000000
	RSI: 0x0000000000E7FAEB R14: 0x0000000000000000
	RDI: 0x00007FFD6871ACB0 R15: 0x0000000000000000
	RIP: 0x00007FFD6862AD80
	RFLAGS: 0x00010246
	ZF: 1 PF: 1 AF: 0
	OF: 0 SF: 0 DF: 0
	CF: 0 TF: 0 IF: 1
	CFLAGS: 0x0010005F
	GS: 0x0053 FS: 0x002B
	ES: 0x002B DS: 0x002B
	CS: 0x0033 SS: 0x002B
	MXCSR: 0x00001FA0
	DR0: 0x0000000000000000 DR3: 0x0000000000000000
	DR1: 0x0000000000000000 DR6: 0x0000000000000000
	DR2: 0x0000000000000000 DR7: 0x0000000000000000
	errno: 0 GetLastError: 18
	---------------------------------------------------
	---- code ----- 0 ------ 4 ------ 8 ------ C ------
	---------------------------------------------------
	0x7FFD6862AD40: 08483BCE 731D488B 4F60488B D0488B58
	0x7FFD6862AD50: 20E81ACC 03004885 DB740848 8BCBE8ED
	0x7FFD6862AD60: 96010048 8B4F6048 8D542430 E85FCA03
	0x7FFD6862AD70: 004885C0 75BA488B 87880100 00458BFC
	0x7FFD6862AD80> 4439200F 84130100 00498BCC 0F1F4000
	0x7FFD6862AD90: 8B140148 8B8F8001 00003B97 D8030000
	0x7FFD6862ADA0: 730D4C8D 145249C1 E2064C03 D1EB034C
	0x7FFD6862ADB0: 8BD14538 62490F85 C4000000 6641837A
	---------------------------------------------------
	---- stack ---- 0 ------ 4 ------ 8 ------ C ------
	---------------------------------------------------
	0x00CD99A1FBA0: 01000000 08000000 01000000 00000000
	0x00CD99A1FBB0: 00000000 00000000 B0AC7168 FD7F0000
	0x00CD99A1FBC0: 00000000 00000000 EABD6668 FD7F0000
	0x00CD99A1FBD0: 8096DA1B 3A020000 08000000 00000000
	0x00CD99A1FBE0: 00FCA199 CD000000 00000000 00000000
	0x00CD99A1FBF0: B0AC7168 FD7F0000 21AD6268 FD7F0000
	0x00CD99A1FC00> E010C628 3A020000 00000000 00000000
	0x00CD99A1FC10: 00000000 00000000 B0AC7168 FD7F0000
	0x00CD99A1FC20: 00000000 00000000 DF808FE2 FD7F0000
	0x00CD99A1FC30: 00032A29 3A020000 00000000 00000000
	0x00CD99A1FC40: 10499F14 3A020000 49000000 00000000
	0x00CD99A1FC50: 00000000 00000000 00000000 00000000
	0x00CD99A1FC60: 00000000 00000000 00000000 00000000
	0x00CD99A1FC70: 95486468 FD7F0000 00000000 00000000
	0x00CD99A1FC80: 00000000 00000000 E7486368 FD7F0000
	0x00CD99A1FC90: 45000000 00000000 45992C8A 03000000
	0x00CD99A1FCA0: 00000000 00000000 00000000 00000000
	0x00CD99A1FCB0: 64000000 00000000 9CFFFFFF FFFFFFFF
	0x00CD99A1FCC0: 64000000 00000000 6CFBE700 00000000
	0x00CD99A1FCD0: 00000000 5893F9BD EBFAE700 00000000
	0x00CD99A1FCE0: 50486468 FD7F0000 90DAA128 3A020000
	0x00CD99A1FCF0: 45000000 00000000 700717E3 FD7F0000
	0x00CD99A1FD00: 00000000 00000000 7D258FE2 FD7F0000
	0x00CD99A1FD10: 00000000 00000000 00000000 00000000
	0x00CD99A1FD20: 00000000 00000000 00000000 00000000
	0x00CD99A1FD30: 00000000 00000000 28AF12E3 FD7F0000
	0x00CD99A1FD40: 00000000 00000000 00000000 00000000
	0x00CD99A1FD50: 00000000 00000000 00000000 00000000
	0x00CD99A1FD60: 00000000 00000000 00000000 00000000
	0x00CD99A1FD70: 00000000 3E66D8D9 00000000 00000000
	0x00CD99A1FD80: 30FBFFFF F0040000 3009A3E0 FD7F0000
	0x00CD99A1FD90: C0ECA199 CD000000 38BCEDE5 F4FF0100
	0x00CD99A1FDA0: 0E6F7B39 FD7F0000 C0ECA199 CD000000
	0x00CD99A1FDB0: 00000000 00000000 00000000 00000000
	0x00CD99A1FDC0: 00000000 00000000 00000000 00000000
	0x00CD99A1FDD0: 00000000 00000000 00000000 00000000
	0x00CD99A1FDE0: 00000000 00000000 00000000 00000000
	0x00CD99A1FDF0: 00000000 00000000 00000000 00000000
	--------------------------------------------------------
	---- trace ---- frame -------- RVA ------ file short ---
	--------------------------------------------------------
	0x7FFD6862AD80: 0x00CD99A1FC80 :0+001AD80 gw2addon_arcdps
	0x7FFD686348E7: 0x00CD99A1FD00 :0+00248E7 gw2addon_arcdps
	0x7FFDE28F257D: 0x00CD99A1FD30 :0+001257D KERNEL32@BaseThreadInitThunk (via export)
	0x7FFDE312AF28: 0x00CD99A1FDB0 :0+005AF28 ntdll@RtlUserThreadStart (via export)
